<testsuite failures="1" name="src/test/java/karatetest/ui.feature" skipped="0" tests="1" time="24.450581">
  <testcase classname="src.test.java.karatetest.ui" name="google search, land on the YouTube, and search for knoldus." time="24.450581">
    <failure message="ui.feature:26 - Test 'ui.feature' of 'google search, land on the YouTube, and search for knoldus.' detected differences! See details at: https://eyes.applitools.com/app/batches/00000251788308848525/00000251788308848416?accountId=zxjkE2RPGUm5a2pF14OsWw~~">* configure driver = { type: 'chrome' } ................................... passed
* def getEyes = Java.type('karatetest.runEyes') ........................... passed
Given driver 'https://google.com' ......................................... passed
* def eyesWrap = new getEyes(driver) ...................................... passed
* eyesWrap.open(karate.info.scenarioName,karate.info.featureFileName,0,0) . passed
And input('input[name=q]', 'applitools') .................................. passed
And click('input[name=btnK]') ............................................. passed
And waitFor('#footcnt') ................................................... passed
And eyesWrap.check(driver.screenshot(),"Search Step") ..................... passed
When waitFor("h3[class='LC20lb DKV0Md']").click(); ........................ passed
And waitForUrl('applitools.com') .......................................... passed
And waitFor('#site-footer') ............................................... passed
Then eyesWrap.check("Applitools Page") .................................... passed
* eyesWrap.close() ........................................................ failed

Stack Trace:
com.intuit.karate.exception.KarateException: ui.feature:26 - Test 'ui.feature' of 'google search, land on the YouTube, and search for knoldus.' detected differences! See details at: https://eyes.applitools.com/app/batches/00000251788308848525/00000251788308848416?accountId=zxjkE2RPGUm5a2pF14OsWw~~
	at âœ½.* eyesWrap.close() (ui.feature:26)</failure>
  </testcase>
</testsuite>
